Arguments: 
  C:\Program Files\nodejs\node.exe C:\Users\hp\AppData\Roaming\npm\node_modules\yarn\bin\yarn.js

PATH: 
  C:\WINDOWS\system32;C:\WINDOWS;C:\WINDOWS\System32\Wbem;C:\WINDOWS\System32\WindowsPowerShell\v1.0\;C:\WINDOWS\System32\OpenSSH\;C:\Program Files (x86)\Skype\Phone\;C:\Program Files\nodejs\;C:\ProgramData\chocolatey\bin;C:\Program Files\Git\cmd;C:\Program Files\dotnet\;C:\Program Files\Docker\Docker\resources\bin;C:\ProgramData\DockerDesktop\version-bin;C:\Users\hp\AppData\Local\.meteor/;C:\Users\hp\AppData\Roaming\npm\node_modules\meteor\node_modules\.bin;C:\Users\hp\AppData\Roaming\npm\node_modules\node_modules\.bin;C:\Users\hp\AppData\Roaming\npm\node_modules\.bin;C:\Users\hp\AppData\Roaming\node_modules\.bin;C:\Users\hp\AppData\node_modules\.bin;C:\Users\hp\node_modules\.bin;C:\Users\node_modules\.bin;C:\node_modules\.bin;C:\Program Files\nodejs\node_modules\npm\node_modules\@npmcli\run-script\lib\node-gyp-bin;C:\WINDOWS\system32;C:\WINDOWS;C:\WINDOWS\System32\Wbem;C:\WINDOWS\System32\WindowsPowerShell\v1.0\;C:\WINDOWS\System32\OpenSSH\;C:\Program Files (x86)\Skype\Phone\;C:\Program Files\nodejs\;C:\ProgramData\chocolatey\bin;C:\Program Files\Git\cmd;C:\Program Files\Docker\Docker\resources\bin;C:\ProgramData\DockerDesktop\version-bin;C:\Users\hp\AppData\Local\Microsoft\WindowsApps;C:\Users\hp\AppData\Local\Programs\Microsoft VS Code\bin;C:\Users\hp\AppData\Roaming\npm;C:\Users\hp\AppData\Local\Yarn\bin;C:\Users\hp\.dotnet\tools

Yarn version: 
  1.22.19

Node version: 
  16.13.2

Platform: 
  win32 x64

Trace: 
  Error: getaddrinfo EAI_AGAIN registry.yarnpkg.com
      at GetAddrInfoReqWrap.onlookup [as oncomplete] (node:dns:71:26)

npm manifest: 
  {
    "name": "dau-backend",
    "version": "1.0.0",
    "description": "",
    "main": "server.js",
    "scripts": {
      "start": "node server/server.js",
      "dev": "nodemon server/server.js"
    },
    "author": "",
    "license": "ISC",
    "dependencies": {
      "@elastic/elasticsearch": "^8.1.0",
      "@graphql-tools/schema": "^9.0.1",
      "@sendgrid/mail": "^7.6.1",
      "airtable": "^0.11.4",
      "apollo-server": "^3.10.2",
      "axios": "^0.27.2",
      "bcrypt": "^5.0.1",
      "colors": "^1.4.0",
      "cors": "^2.8.5",
      "discord-buttons": "^4.0.0-deprecated",
      "discord-menus": "^1.0.8",
      "discord.js": "^12.5.3",
      "dotenv": "^8.2.0",
      "express": "^4.17.1",
      "graphql": "^16.6.0",
      "graphql-subscriptions": "^2.0.0",
      "graphql-ws": "^5.10.1",
      "jsonwebtoken": "^8.5.1",
      "mongoose": "^5.7.9",
      "morgan": "^1.9.1",
      "neo4j-driver": "^4.4.6",
      "short-uuid": "^4.1.0",
      "twilio": "^3.74.0",
      "validator": "^13.6.0",
      "ws": "^8.8.1"
    },
    "devDependencies": {
      "nodemon": "^2.0.19"
    }
  }

yarn manifest: 
  No manifest

Lockfile: 
  No lockfile
